Build started 2015-03-09 19:33:40.
     1>Project "C:\Users\Michał\Documents\GitHub\Drzewo-BST-\Drzewo BST\Drzewo BST\Drzewo BST.vcxproj" on node 2 (build target(s)).
     1>InitializeBuildStatus:
         Creating "Debug\Drzewo BST.unsuccessfulbuild" because "AlwaysCreate" was specified.
       ClCompile:
         All outputs are up-to-date.
         C:\Program Files (x86)\Microsoft Visual Studio 10.0\VC\bin\CL.exe /c /ZI /nologo /W3 /WX- /Od /Oy- /D WIN32 /D _DEBUG /D _CONSOLE /D _UNICODE /D UNICODE /Gm /EHsc /RTC1 /MDd /GS /fp:precise /Zc:wchar_t /Zc:forScope /Yu"StdAfx.h" /Fp"Debug\Drzewo BST.pch" /Fo"Debug\\" /Fd"Debug\vc100.pdb" /Gd /TP /analyze- /errorReport:prompt "Drzewo BST.cpp"
         Drzewo BST.cpp
     1>c:\users\michał\documents\github\drzewo-bst-\drzewo bst\drzewo bst\drzewo bst.cpp(82): warning C4996: 'scanf': This function or variable may be unsafe. Consider using scanf_s instead. To disable deprecation, use _CRT_SECURE_NO_WARNINGS. See online help for details.
                 c:\program files (x86)\microsoft visual studio 10.0\vc\include\stdio.h(304) : see declaration of 'scanf'
     1>c:\users\michał\documents\github\drzewo-bst-\drzewo bst\drzewo bst\drzewo bst.cpp(176): warning C4244: 'argument' : conversion from 'time_t' to 'unsigned int', possible loss of data
     1>c:\users\michał\documents\github\drzewo-bst-\drzewo bst\drzewo bst\drzewo bst.cpp(178): warning C4996: 'fopen': This function or variable may be unsafe. Consider using fopen_s instead. To disable deprecation, use _CRT_SECURE_NO_WARNINGS. See online help for details.
                 c:\program files (x86)\microsoft visual studio 10.0\vc\include\stdio.h(234) : see declaration of 'fopen'
     1>c:\users\michał\documents\github\drzewo-bst-\drzewo bst\drzewo bst\drzewo bst.cpp(180): warning C4996: 'fscanf': This function or variable may be unsafe. Consider using fscanf_s instead. To disable deprecation, use _CRT_SECURE_NO_WARNINGS. See online help for details.
                 c:\program files (x86)\microsoft visual studio 10.0\vc\include\stdio.h(253) : see declaration of 'fscanf'
     1>c:\users\michał\documents\github\drzewo-bst-\drzewo bst\drzewo bst\drzewo bst.cpp(184): warning C4101: 'time_spent' : unreferenced local variable
       Link:
         C:\Program Files (x86)\Microsoft Visual Studio 10.0\VC\bin\link.exe /ERRORREPORT:PROMPT /OUT:"C:\Users\Michał\Documents\GitHub\Drzewo-BST-\Drzewo BST\Debug\Drzewo BST.exe" /INCREMENTAL:NO /NOLOGO kernel32.lib user32.lib gdi32.lib winspool.lib comdlg32.lib advapi32.lib shell32.lib ole32.lib oleaut32.lib uuid.lib odbc32.lib odbccp32.lib /MANIFEST /ManifestFile:"Debug\Drzewo BST.exe.intermediate.manifest" /MANIFESTUAC:"level='asInvoker' uiAccess='false'" /DEBUG /PDB:"C:\Users\Michał\Documents\GitHub\Drzewo-BST-\Drzewo BST\Debug\Drzewo BST.pdb" /SUBSYSTEM:CONSOLE /TLBID:1 /DYNAMICBASE /NXCOMPAT /IMPLIB:"C:\Users\Michał\Documents\GitHub\Drzewo-BST-\Drzewo BST\Debug\Drzewo BST.lib" /MACHINE:X86 "Debug\Drzewo BST.obj"
         Debug\stdafx.obj
     1>Drzewo BST.obj : warning LNK4075: ignoring '/EDITANDCONTINUE' due to '/INCREMENTAL:NO' specification
         Drzewo BST.vcxproj -> C:\Users\Michał\Documents\GitHub\Drzewo-BST-\Drzewo BST\Debug\Drzewo BST.exe
       Manifest:
         C:\Program Files (x86)\Microsoft SDKs\Windows\v7.0A\bin\mt.exe /nologo /verbose /outputresource:"C:\Users\Michał\Documents\GitHub\Drzewo-BST-\Drzewo BST\Debug\Drzewo BST.exe;#1" /manifest "Debug\Drzewo BST.exe.intermediate.manifest"
       FinalizeBuildStatus:
         Deleting file "Debug\Drzewo BST.unsuccessfulbuild".
         Touching "Debug\Drzewo BST.lastbuildstate".
     1>Done Building Project "C:\Users\Michał\Documents\GitHub\Drzewo-BST-\Drzewo BST\Drzewo BST\Drzewo BST.vcxproj" (build target(s)).

Build succeeded.

Time Elapsed 00:00:00.76
